Построение начато 24.11.2020 9:14:32.
     1>Проект "C:\Users\toshiba\Desktop\Шарага\ЛиОАвИЗ\Lab2\Lab2\Lab2.vcxproj" в узле 2 (целевые объекты build).
     1>InitializeBuildStatus:
         Создание "Debug\Lab2.unsuccessfulbuild", так как было задано "AlwaysCreate".
       ClCompile:
         C:\Program Files (x86)\Microsoft Visual Studio 10.0\VC\bin\CL.exe /c /ZI /nologo /W3 /WX- /Od /Oy- /D WIN32 /D _DEBUG /D _CONSOLE /D _UNICODE /D UNICODE /Gm /EHsc /RTC1 /MDd /GS /fp:precise /Zc:wchar_t /Zc:forScope /Fo"Debug\\" /Fd"Debug\vc100.pdb" /Gd /TP /analyze- /errorReport:prompt Lab2.cpp
         Lab2.cpp
     1>c:\users\toshiba\desktop\шарага\лиоавиз\lab2\lab2\lab2.cpp(55): warning C4244: аргумент: преобразование "time_t" в "unsigned int", возможна потеря данных
     1>c:\users\toshiba\desktop\шарага\лиоавиз\lab2\lab2\lab2.cpp(65): warning C4244: аргумент: преобразование "time_t" в "unsigned int", возможна потеря данных
     1>c:\users\toshiba\desktop\шарага\лиоавиз\lab2\lab2\lab2.cpp(108): warning C4996: 'getch': The POSIX name for this item is deprecated. Instead, use the ISO C++ conformant name: _getch. See online help for details.
                 c:\program files (x86)\microsoft visual studio 10.0\vc\include\conio.h(128): см. объявление "getch"
       Link:
         C:\Program Files (x86)\Microsoft Visual Studio 10.0\VC\bin\link.exe /ERRORREPORT:PROMPT /OUT:"C:\Users\toshiba\Desktop\Шарага\ЛиОАвИЗ\Lab2\Debug\Lab2.exe" /INCREMENTAL:NO /NOLOGO kernel32.lib user32.lib gdi32.lib winspool.lib comdlg32.lib advapi32.lib shell32.lib ole32.lib oleaut32.lib uuid.lib odbc32.lib odbccp32.lib /MANIFEST /ManifestFile:"Debug\Lab2.exe.intermediate.manifest" /MANIFESTUAC:"level='asInvoker' uiAccess='false'" /DEBUG /PDB:"C:\Users\toshiba\Desktop\Шарага\ЛиОАвИЗ\Lab2\Debug\Lab2.pdb" /SUBSYSTEM:CONSOLE /TLBID:1 /DYNAMICBASE /NXCOMPAT /IMPLIB:"C:\Users\toshiba\Desktop\Шарага\ЛиОАвИЗ\Lab2\Debug\Lab2.lib" /MACHINE:X86 Debug\Lab2.obj
         Debug\stdafx.obj
     1>Lab2.obj : warning LNK4075: не учитывается "/EDITANDCONTINUE" из-за спецификации "/INCREMENTAL:NO"
         Lab2.vcxproj -> C:\Users\toshiba\Desktop\Шарага\ЛиОАвИЗ\Lab2\Debug\Lab2.exe
       Manifest:
         C:\Program Files (x86)\Microsoft SDKs\Windows\v7.0A\bin\mt.exe /nologo /verbose /outputresource:"C:\Users\toshiba\Desktop\Шарага\ЛиОАвИЗ\Lab2\Debug\Lab2.exe;#1" /manifest Debug\Lab2.exe.intermediate.manifest
       FinalizeBuildStatus:
         Файл "Debug\Lab2.unsuccessfulbuild" удаляется.
         Обращение к "Debug\Lab2.lastbuildstate".
     1>Построение проекта "C:\Users\toshiba\Desktop\Шарага\ЛиОАвИЗ\Lab2\Lab2\Lab2.vcxproj" завершено (целевые объекты build).

Построение успешно завершено.

Затраченное время: 00:00:01.83
