Построение начато 10.01.2021 8:02:44.
     1>Проект "C:\Users\toshiba\Desktop\Шарага\ЛиОАвИЗ\Lab6\Lab6\Lab6.vcxproj" в узле 2 (целевые объекты build).
     1>InitializeBuildStatus:
         Создание "Debug\Lab6.unsuccessfulbuild", так как было задано "AlwaysCreate".
       ClCompile:
         C:\Program Files (x86)\Microsoft Visual Studio 10.0\VC\bin\CL.exe /c /ZI /nologo /W3 /WX- /Od /Oy- /D WIN32 /D _DEBUG /D _CONSOLE /D _UNICODE /D UNICODE /Gm /EHsc /RTC1 /MDd /GS /fp:precise /Zc:wchar_t /Zc:forScope /Fo"Debug\\" /Fd"Debug\vc100.pdb" /Gd /TP /analyze- /errorReport:prompt Lab6.cpp
         Lab6.cpp
     1>c:\users\toshiba\desktop\шарага\лиоавиз\lab6\lab6\lab6.cpp(47): warning C4996: 'scanf': This function or variable may be unsafe. Consider using scanf_s instead. To disable deprecation, use _CRT_SECURE_NO_WARNINGS. See online help for details.
                 c:\program files (x86)\microsoft visual studio 10.0\vc\include\stdio.h(304): см. объявление "scanf"
     1>c:\users\toshiba\desktop\шарага\лиоавиз\lab6\lab6\lab6.cpp(52): warning C4996: 'getch': The POSIX name for this item is deprecated. Instead, use the ISO C++ conformant name: _getch. See online help for details.
                 c:\program files (x86)\microsoft visual studio 10.0\vc\include\conio.h(128): см. объявление "getch"
       ManifestResourceCompile:
         Для всех выходных данных обновления не требуется.
       Link:
         C:\Program Files (x86)\Microsoft Visual Studio 10.0\VC\bin\link.exe /ERRORREPORT:PROMPT /OUT:"C:\Users\toshiba\Desktop\Шарага\ЛиОАвИЗ\Lab6\Debug\Lab6.exe" /INCREMENTAL /NOLOGO kernel32.lib user32.lib gdi32.lib winspool.lib comdlg32.lib advapi32.lib shell32.lib ole32.lib oleaut32.lib uuid.lib odbc32.lib odbccp32.lib /MANIFEST /ManifestFile:"Debug\Lab6.exe.intermediate.manifest" /MANIFESTUAC:"level='asInvoker' uiAccess='false'" /DEBUG /PDB:"C:\Users\toshiba\Desktop\Шарага\ЛиОАвИЗ\Lab6\Debug\Lab6.pdb" /SUBSYSTEM:CONSOLE /TLBID:1 /DYNAMICBASE /NXCOMPAT /IMPLIB:"C:\Users\toshiba\Desktop\Шарага\ЛиОАвИЗ\Lab6\Debug\Lab6.lib" /MACHINE:X86 Debug\Lab6.exe.embed.manifest.res
         Debug\Lab6.obj
         Debug\stdafx.obj
       Manifest:
         C:\Program Files (x86)\Microsoft SDKs\Windows\v7.0A\bin\mt.exe /nologo /verbose /out:"Debug\Lab6.exe.embed.manifest" /manifest Debug\Lab6.exe.intermediate.manifest
         Для всех выходных данных обновления не требуется.
       LinkEmbedManifest:
         Для всех выходных данных обновления не требуется.
         Lab6.vcxproj -> C:\Users\toshiba\Desktop\Шарага\ЛиОАвИЗ\Lab6\Debug\Lab6.exe
       FinalizeBuildStatus:
         Файл "Debug\Lab6.unsuccessfulbuild" удаляется.
         Обращение к "Debug\Lab6.lastbuildstate".
     1>Построение проекта "C:\Users\toshiba\Desktop\Шарага\ЛиОАвИЗ\Lab6\Lab6\Lab6.vcxproj" завершено (целевые объекты build).

Построение успешно завершено.

Затраченное время: 00:00:02.18
