Построение начато 17.01.2021 11:33:17.
     1>Проект "C:\Users\toshiba\Desktop\Шарага\ЛиОАвИЗ\Курсач\КР\КР\КР.vcxproj" в узле 2 (целевые объекты build).
     1>InitializeBuildStatus:
         Создание "Debug\КР.unsuccessfulbuild", так как было задано "AlwaysCreate".
       ClCompile:
         C:\Program Files (x86)\Microsoft Visual Studio 10.0\VC\bin\CL.exe /c /ZI /nologo /W3 /WX- /Od /Oy- /D WIN32 /D _DEBUG /D _CONSOLE /D _UNICODE /D UNICODE /Gm /EHsc /RTC1 /MDd /GS /fp:precise /Zc:wchar_t /Zc:forScope /Fo"Debug\\" /Fd"Debug\vc100.pdb" /Gd /TP /analyze- /errorReport:prompt "КР.cpp"
         КР.cpp
     1>c:\users\toshiba\desktop\шарага\лиоавиз\курсач\кр\кр\кр.cpp(11): warning C4244: аргумент: преобразование "time_t" в "unsigned int", возможна потеря данных
     1>c:\users\toshiba\desktop\шарага\лиоавиз\курсач\кр\кр\кр.cpp(15): warning C4996: 'scanf': This function or variable may be unsafe. Consider using scanf_s instead. To disable deprecation, use _CRT_SECURE_NO_WARNINGS. See online help for details.
                 c:\program files (x86)\microsoft visual studio 10.0\vc\include\stdio.h(304): см. объявление "scanf"
     1>c:\users\toshiba\desktop\шарага\лиоавиз\курсач\кр\кр\кр.cpp(20): warning C4996: 'scanf': This function or variable may be unsafe. Consider using scanf_s instead. To disable deprecation, use _CRT_SECURE_NO_WARNINGS. See online help for details.
                 c:\program files (x86)\microsoft visual studio 10.0\vc\include\stdio.h(304): см. объявление "scanf"
     1>c:\users\toshiba\desktop\шарага\лиоавиз\курсач\кр\кр\кр.cpp(28): warning C4996: 'scanf': This function or variable may be unsafe. Consider using scanf_s instead. To disable deprecation, use _CRT_SECURE_NO_WARNINGS. See online help for details.
                 c:\program files (x86)\microsoft visual studio 10.0\vc\include\stdio.h(304): см. объявление "scanf"
     1>c:\users\toshiba\desktop\шарага\лиоавиз\курсач\кр\кр\кр.cpp(44): warning C4996: 'fopen': This function or variable may be unsafe. Consider using fopen_s instead. To disable deprecation, use _CRT_SECURE_NO_WARNINGS. See online help for details.
                 c:\program files (x86)\microsoft visual studio 10.0\vc\include\stdio.h(234): см. объявление "fopen"
     1>c:\users\toshiba\desktop\шарага\лиоавиз\курсач\кр\кр\кр.cpp(98): warning C4996: 'getch': The POSIX name for this item is deprecated. Instead, use the ISO C++ conformant name: _getch. See online help for details.
                 c:\program files (x86)\microsoft visual studio 10.0\vc\include\conio.h(128): см. объявление "getch"
       ManifestResourceCompile:
         Для всех выходных данных обновления не требуется.
       Link:
         C:\Program Files (x86)\Microsoft Visual Studio 10.0\VC\bin\link.exe /ERRORREPORT:PROMPT /OUT:"C:\Users\toshiba\Desktop\Шарага\ЛиОАвИЗ\Курсач\КР\Debug\КР.exe" /INCREMENTAL /NOLOGO kernel32.lib user32.lib gdi32.lib winspool.lib comdlg32.lib advapi32.lib shell32.lib ole32.lib oleaut32.lib uuid.lib odbc32.lib odbccp32.lib /MANIFEST /ManifestFile:"Debug\КР.exe.intermediate.manifest" /MANIFESTUAC:"level='asInvoker' uiAccess='false'" /DEBUG /PDB:"C:\Users\toshiba\Desktop\Шарага\ЛиОАвИЗ\Курсач\КР\Debug\КР.pdb" /SUBSYSTEM:CONSOLE /TLBID:1 /DYNAMICBASE /NXCOMPAT /IMPLIB:"C:\Users\toshiba\Desktop\Шарага\ЛиОАвИЗ\Курсач\КР\Debug\КР.lib" /MACHINE:X86 "Debug\КР.exe.embed.manifest.res"
         Debug\stdafx.obj
         "Debug\КР.obj"
       Manifest:
         C:\Program Files (x86)\Microsoft SDKs\Windows\v7.0A\bin\mt.exe /nologo /verbose /out:"Debug\КР.exe.embed.manifest" /manifest "Debug\КР.exe.intermediate.manifest"
         Для всех выходных данных обновления не требуется.
       LinkEmbedManifest:
         Для всех выходных данных обновления не требуется.
         КР.vcxproj -> C:\Users\toshiba\Desktop\Шарага\ЛиОАвИЗ\Курсач\КР\Debug\КР.exe
       FinalizeBuildStatus:
         Файл "Debug\КР.unsuccessfulbuild" удаляется.
         Обращение к "Debug\КР.lastbuildstate".
     1>Построение проекта "C:\Users\toshiba\Desktop\Шарага\ЛиОАвИЗ\Курсач\КР\КР\КР.vcxproj" завершено (целевые объекты build).

Построение успешно завершено.

Затраченное время: 00:00:08.79
